2023-08-25 18:03:00,970 [Worker-31] INFO  o.e.m.c.i.l.LifecycleMappingFactory - Using DEFAULT lifecycle mapping for MavenProject: backend.medicalservice:AdminClerk:0.0.1-SNAPSHOT @ D:\Training\Medical Service Automation System Project\BackEnd\AdminClerk\pom.xml.
2023-08-25 18:03:24,740 [Worker-31] INFO  o.e.m.c.i.embedder.EclipseLogger - Using 'UTF-8' encoding to copy filtered resources.
2023-08-25 18:03:24,741 [Worker-31] INFO  o.e.m.c.i.embedder.EclipseLogger - Using 'UTF-8' encoding to copy filtered properties files.
2023-08-25 18:03:24,752 [Worker-31] INFO  o.e.m.c.i.embedder.EclipseLogger - Copying 1 resource
2023-08-25 18:03:24,802 [Worker-31] INFO  o.e.m.c.i.embedder.EclipseLogger - Copying 0 resource
2023-08-25 18:03:24,809 [Worker-31] INFO  o.e.m.c.i.embedder.EclipseLogger - Using 'UTF-8' encoding to copy filtered resources.
2023-08-25 18:03:24,812 [Worker-31] INFO  o.e.m.c.i.embedder.EclipseLogger - Using 'UTF-8' encoding to copy filtered properties files.
2023-08-25 18:03:24,812 [Worker-31] INFO  o.e.m.c.i.embedder.EclipseLogger - skip non existing resourceDirectory D:\Training\Medical Service Automation System Project\BackEnd\AdminClerk\src\test\resources
2023-08-25 18:03:28,259 [Worker-29] INFO  o.e.m.c.i.embedder.EclipseLogger - Using 'UTF-8' encoding to copy filtered resources.
2023-08-25 18:03:28,261 [Worker-29] INFO  o.e.m.c.i.embedder.EclipseLogger - Using 'UTF-8' encoding to copy filtered properties files.
2023-08-25 18:03:28,270 [Worker-29] INFO  o.e.m.c.i.embedder.EclipseLogger - Copying 1 resource
2023-08-25 18:03:28,292 [Worker-29] INFO  o.e.m.c.i.embedder.EclipseLogger - Copying 0 resource
2023-08-25 18:03:28,297 [Worker-29] INFO  o.e.m.c.i.embedder.EclipseLogger - Using 'UTF-8' encoding to copy filtered resources.
2023-08-25 18:03:28,297 [Worker-29] INFO  o.e.m.c.i.embedder.EclipseLogger - Using 'UTF-8' encoding to copy filtered properties files.
2023-08-25 18:03:28,297 [Worker-29] INFO  o.e.m.c.i.embedder.EclipseLogger - skip non existing resourceDirectory D:\Training\Medical Service Automation System Project\BackEnd\AdminClerk\src\test\resources
2023-08-25 18:06:31,275 [Worker-28] INFO  o.e.m.c.i.embedder.EclipseLogger - Using 'UTF-8' encoding to copy filtered resources.
2023-08-25 18:06:31,275 [Worker-28] INFO  o.e.m.c.i.embedder.EclipseLogger - Using 'UTF-8' encoding to copy filtered properties files.
2023-08-25 18:06:31,276 [Worker-28] INFO  o.e.m.c.i.embedder.EclipseLogger - Copying 1 resource
2023-08-25 18:06:31,282 [Worker-28] INFO  o.e.m.c.i.embedder.EclipseLogger - Copying 0 resource
2023-08-25 18:06:31,285 [Worker-28] INFO  o.e.m.c.i.embedder.EclipseLogger - Using 'UTF-8' encoding to copy filtered resources.
2023-08-25 18:06:31,285 [Worker-28] INFO  o.e.m.c.i.embedder.EclipseLogger - Using 'UTF-8' encoding to copy filtered properties files.
2023-08-25 18:06:31,285 [Worker-28] INFO  o.e.m.c.i.embedder.EclipseLogger - skip non existing resourceDirectory D:\Training\Medical Service Automation System Project\BackEnd\AdminClerk\src\test\resources
2023-08-25 18:16:27,478 [Worker-37] INFO  o.e.m.c.i.l.LifecycleMappingFactory - Using org.eclipse.m2e.jdt.JarLifecycleMapping lifecycle mapping for MavenProject: backend.medicalservice:Appointments:0.0.1-SNAPSHOT @ D:\Training\New Backup\BackEnd\Appointments\pom.xml.
2023-08-25 18:16:28,638 [Worker-43] INFO  o.e.m.c.i.l.LifecycleMappingFactory - Using org.eclipse.m2e.jdt.JarLifecycleMapping lifecycle mapping for MavenProject: backend.medicalservice:Appointments:0.0.1-SNAPSHOT @ D:\Training\New Backup\BackEnd\Appointments\pom.xml.
2023-08-25 18:16:29,482 [Worker-43] INFO  o.e.m.c.i.embedder.EclipseLogger - Using 'UTF-8' encoding to copy filtered resources.
2023-08-25 18:16:29,482 [Worker-43] INFO  o.e.m.c.i.embedder.EclipseLogger - Using 'UTF-8' encoding to copy filtered properties files.
2023-08-25 18:16:29,482 [Worker-43] INFO  o.e.m.c.i.embedder.EclipseLogger - Copying 1 resource
2023-08-25 18:16:29,494 [Worker-43] INFO  o.e.m.c.i.embedder.EclipseLogger - Copying 0 resource
2023-08-25 18:16:29,498 [Worker-43] INFO  o.e.m.c.i.embedder.EclipseLogger - Using 'UTF-8' encoding to copy filtered resources.
2023-08-25 18:16:29,499 [Worker-43] INFO  o.e.m.c.i.embedder.EclipseLogger - Using 'UTF-8' encoding to copy filtered properties files.
2023-08-25 18:16:29,499 [Worker-43] INFO  o.e.m.c.i.embedder.EclipseLogger - skip non existing resourceDirectory D:\Training\New Backup\BackEnd\Appointments\src\test\resources
2023-08-25 18:16:31,501 [Worker-42] INFO  o.e.m.c.i.embedder.EclipseLogger - Using 'UTF-8' encoding to copy filtered resources.
2023-08-25 18:16:31,501 [Worker-42] INFO  o.e.m.c.i.embedder.EclipseLogger - Using 'UTF-8' encoding to copy filtered properties files.
2023-08-25 18:16:31,502 [Worker-42] INFO  o.e.m.c.i.embedder.EclipseLogger - Copying 1 resource
2023-08-25 18:16:31,510 [Worker-42] INFO  o.e.m.c.i.embedder.EclipseLogger - Copying 0 resource
2023-08-25 18:16:31,513 [Worker-42] INFO  o.e.m.c.i.embedder.EclipseLogger - Using 'UTF-8' encoding to copy filtered resources.
2023-08-25 18:16:31,513 [Worker-42] INFO  o.e.m.c.i.embedder.EclipseLogger - Using 'UTF-8' encoding to copy filtered properties files.
2023-08-25 18:16:31,513 [Worker-42] INFO  o.e.m.c.i.embedder.EclipseLogger - skip non existing resourceDirectory D:\Training\New Backup\BackEnd\Appointments\src\test\resources
2023-08-25 18:16:32,042 [Worker-37] INFO  o.e.m.c.i.l.LifecycleMappingFactory - Using org.eclipse.m2e.jdt.JarLifecycleMapping lifecycle mapping for MavenProject: backend.medicalservice:Appointments:0.0.1-SNAPSHOT @ D:\Training\New Backup\BackEnd\Appointments\pom.xml.
2023-08-25 18:16:35,082 [Worker-42] INFO  o.e.m.c.i.embedder.EclipseLogger - Using 'UTF-8' encoding to copy filtered resources.
2023-08-25 18:16:35,082 [Worker-42] INFO  o.e.m.c.i.embedder.EclipseLogger - Using 'UTF-8' encoding to copy filtered properties files.
2023-08-25 18:16:35,082 [Worker-42] INFO  o.e.m.c.i.embedder.EclipseLogger - Copying 0 resource
2023-08-25 18:16:35,082 [Worker-42] INFO  o.e.m.c.i.embedder.EclipseLogger - Copying 0 resource
2023-08-25 18:16:35,085 [Worker-42] INFO  o.e.m.c.i.embedder.EclipseLogger - Using 'UTF-8' encoding to copy filtered resources.
2023-08-25 18:16:35,085 [Worker-42] INFO  o.e.m.c.i.embedder.EclipseLogger - Using 'UTF-8' encoding to copy filtered properties files.
2023-08-25 18:16:35,085 [Worker-42] INFO  o.e.m.c.i.embedder.EclipseLogger - skip non existing resourceDirectory D:\Training\New Backup\BackEnd\Appointments\src\test\resources
2023-08-25 18:17:13,898 [Worker-40] INFO  o.e.m.c.i.l.LifecycleMappingFactory - Using org.eclipse.m2e.jdt.JarLifecycleMapping lifecycle mapping for MavenProject: backend.medicalservice:Messages:0.0.1-SNAPSHOT @ D:\Training\New Backup\BackEnd\Messages\pom.xml.
2023-08-25 18:17:18,311 [Worker-40] INFO  o.e.m.c.i.embedder.EclipseLogger - Using 'UTF-8' encoding to copy filtered resources.
2023-08-25 18:17:18,311 [Worker-40] INFO  o.e.m.c.i.embedder.EclipseLogger - Using 'UTF-8' encoding to copy filtered properties files.
2023-08-25 18:17:18,312 [Worker-40] INFO  o.e.m.c.i.embedder.EclipseLogger - Copying 1 resource
2023-08-25 18:17:18,325 [Worker-40] INFO  o.e.m.c.i.embedder.EclipseLogger - Copying 0 resource
2023-08-25 18:17:18,329 [Worker-40] INFO  o.e.m.c.i.embedder.EclipseLogger - Using 'UTF-8' encoding to copy filtered resources.
2023-08-25 18:17:18,330 [Worker-40] INFO  o.e.m.c.i.embedder.EclipseLogger - Using 'UTF-8' encoding to copy filtered properties files.
2023-08-25 18:17:18,330 [Worker-40] INFO  o.e.m.c.i.embedder.EclipseLogger - skip non existing resourceDirectory D:\Training\New Backup\BackEnd\Messages\src\test\resources
2023-08-25 18:17:19,816 [Worker-39] INFO  o.e.m.c.i.l.LifecycleMappingFactory - Using org.eclipse.m2e.jdt.JarLifecycleMapping lifecycle mapping for MavenProject: backend.medicalservice:Messages:0.0.1-SNAPSHOT @ D:\Training\New Backup\BackEnd\Messages\pom.xml.
2023-08-25 18:17:20,850 [Worker-38] INFO  o.e.m.c.i.embedder.EclipseLogger - Using 'UTF-8' encoding to copy filtered resources.
2023-08-25 18:17:20,850 [Worker-38] INFO  o.e.m.c.i.embedder.EclipseLogger - Using 'UTF-8' encoding to copy filtered properties files.
2023-08-25 18:17:20,851 [Worker-38] INFO  o.e.m.c.i.embedder.EclipseLogger - Copying 1 resource
2023-08-25 18:17:20,859 [Worker-38] INFO  o.e.m.c.i.embedder.EclipseLogger - Copying 0 resource
2023-08-25 18:17:20,864 [Worker-38] INFO  o.e.m.c.i.embedder.EclipseLogger - Using 'UTF-8' encoding to copy filtered resources.
2023-08-25 18:17:20,864 [Worker-38] INFO  o.e.m.c.i.embedder.EclipseLogger - Using 'UTF-8' encoding to copy filtered properties files.
2023-08-25 18:17:20,864 [Worker-38] INFO  o.e.m.c.i.embedder.EclipseLogger - skip non existing resourceDirectory D:\Training\New Backup\BackEnd\Messages\src\test\resources
2023-08-25 18:17:22,658 [Worker-42] INFO  o.e.m.c.i.embedder.EclipseLogger - Using 'UTF-8' encoding to copy filtered resources.
2023-08-25 18:17:22,658 [Worker-42] INFO  o.e.m.c.i.embedder.EclipseLogger - Using 'UTF-8' encoding to copy filtered properties files.
2023-08-25 18:17:22,658 [Worker-42] INFO  o.e.m.c.i.embedder.EclipseLogger - Copying 0 resource
2023-08-25 18:17:22,658 [Worker-42] INFO  o.e.m.c.i.embedder.EclipseLogger - Copying 0 resource
2023-08-25 18:17:22,660 [Worker-42] INFO  o.e.m.c.i.embedder.EclipseLogger - Using 'UTF-8' encoding to copy filtered resources.
2023-08-25 18:17:22,660 [Worker-42] INFO  o.e.m.c.i.embedder.EclipseLogger - Using 'UTF-8' encoding to copy filtered properties files.
2023-08-25 18:17:22,660 [Worker-42] INFO  o.e.m.c.i.embedder.EclipseLogger - skip non existing resourceDirectory D:\Training\New Backup\BackEnd\Messages\src\test\resources
