2023-07-14 13:09:41,415 [ModalContext] INFO  o.e.m.c.i.e.AbstractTransferListenerAdapter - Downloading https://repo.maven.apache.org/maven2/org/apache/maven/archetypes/maven-archetype-quickstart/1.1/maven-archetype-quickstart-1.1.jar
2023-07-14 13:09:42,013 [ModalContext] INFO  o.e.m.c.i.e.AbstractTransferListenerAdapter - Downloaded https://repo.maven.apache.org/maven2/org/apache/maven/archetypes/maven-archetype-quickstart/1.1/maven-archetype-quickstart-1.1.jar
2023-07-14 13:09:42,078 [ModalContext] INFO  o.e.m.c.i.e.AbstractTransferListenerAdapter - Downloading https://repo.maven.apache.org/maven2/org/apache/maven/archetypes/maven-archetype-quickstart/1.1/maven-archetype-quickstart-1.1.pom
2023-07-14 13:09:42,132 [ModalContext] INFO  o.e.m.c.i.e.AbstractTransferListenerAdapter - Downloaded https://repo.maven.apache.org/maven2/org/apache/maven/archetypes/maven-archetype-quickstart/1.1/maven-archetype-quickstart-1.1.pom
2023-07-14 13:16:28,151 [Worker-30] INFO  o.e.m.c.i.l.LifecycleMappingFactory - Using org.eclipse.m2e.jdt.JarLifecycleMapping lifecycle mapping for MavenProject: training.iqgateway:our-application-1:0.0.1-SNAPSHOT @ D:\Training\23-Build Tools\Workspace\our-application-1\pom.xml.
2023-07-14 13:16:28,754 [Worker-30] INFO  o.e.m.c.i.e.AbstractTransferListenerAdapter - Downloading https://repo.maven.apache.org/maven2/org/apache/maven/plugins/maven-jar-plugin/2.4/maven-jar-plugin-2.4.pom
2023-07-14 13:16:28,817 [Worker-30] INFO  o.e.m.c.i.e.AbstractTransferListenerAdapter - Downloaded https://repo.maven.apache.org/maven2/org/apache/maven/plugins/maven-jar-plugin/2.4/maven-jar-plugin-2.4.pom
2023-07-14 13:16:29,841 [Worker-30] INFO  o.e.m.c.i.e.AbstractTransferListenerAdapter - Downloading https://repo.maven.apache.org/maven2/commons-lang/commons-lang/2.1/commons-lang-2.1.pom
2023-07-14 13:16:29,936 [Worker-30] INFO  o.e.m.c.i.e.AbstractTransferListenerAdapter - Downloaded https://repo.maven.apache.org/maven2/commons-lang/commons-lang/2.1/commons-lang-2.1.pom
2023-07-14 13:16:30,192 [Worker-30] INFO  o.e.m.c.i.e.AbstractTransferListenerAdapter - Downloading https://repo.maven.apache.org/maven2/classworlds/classworlds/1.1-alpha-2/classworlds-1.1-alpha-2.jar
2023-07-14 13:16:30,715 [Worker-30] INFO  o.e.m.c.i.e.AbstractTransferListenerAdapter - Downloaded https://repo.maven.apache.org/maven2/classworlds/classworlds/1.1-alpha-2/classworlds-1.1-alpha-2.jar
2023-07-14 13:16:30,753 [Worker-30] INFO  o.e.m.c.i.e.AbstractTransferListenerAdapter - Downloading https://repo.maven.apache.org/maven2/commons-lang/commons-lang/2.1/commons-lang-2.1.jar
2023-07-14 13:16:31,871 [Worker-30] INFO  o.e.m.c.i.e.AbstractTransferListenerAdapter - Downloaded https://repo.maven.apache.org/maven2/commons-lang/commons-lang/2.1/commons-lang-2.1.jar
2023-07-14 13:16:37,707 [Worker-30] INFO  o.e.m.j.i.AbstractJavaProjectConfigurator - Adding source folder /our-application-1/src/main/java
2023-07-14 13:16:37,712 [Worker-30] INFO  o.e.m.j.i.AbstractJavaProjectConfigurator - Adding resource folder /our-application-1/src/main/resources
2023-07-14 13:16:37,716 [Worker-30] INFO  o.e.m.j.i.AbstractJavaProjectConfigurator - Adding source folder /our-application-1/src/test/java
2023-07-14 13:16:37,716 [Worker-30] INFO  o.e.m.j.i.AbstractJavaProjectConfigurator - Adding resource folder /our-application-1/src/test/resources
2023-07-14 13:16:53,005 [Worker-34] WARN  o.e.m.c.i.embedder.EclipseLogger - Using platform encoding (Cp1252 actually) to copy filtered resources, i.e. build is platform dependent!
2023-07-14 13:16:53,027 [Worker-34] INFO  o.e.m.c.i.embedder.EclipseLogger - Copying 0 resource
2023-07-14 13:16:53,033 [Worker-34] WARN  o.e.m.c.i.embedder.EclipseLogger - Using platform encoding (Cp1252 actually) to copy filtered resources, i.e. build is platform dependent!
2023-07-14 13:16:53,036 [Worker-34] INFO  o.e.m.c.i.embedder.EclipseLogger - Copying 0 resource
2023-07-14 14:40:52,360 [Worker-41] INFO  o.e.m.c.i.p.ProjectConfigurationManager - Update started
2023-07-14 14:41:02,764 [Worker-41] INFO  o.e.m.c.i.l.LifecycleMappingFactory - Using org.eclipse.m2e.jdt.JarLifecycleMapping lifecycle mapping for MavenProject: training.iqgateway:our-application-1:0.0.1-SNAPSHOT @ D:\Training\23-Build Tools\Workspace\our-application-1\pom.xml.
2023-07-14 14:41:05,979 [Worker-41] INFO  o.e.m.j.i.AbstractJavaProjectConfigurator - Adding source folder /our-application-1/src/main/java
2023-07-14 14:41:05,979 [Worker-41] INFO  o.e.m.j.i.AbstractJavaProjectConfigurator - Adding resource folder /our-application-1/src/main/resources
2023-07-14 14:41:05,980 [Worker-41] INFO  o.e.m.j.i.AbstractJavaProjectConfigurator - Adding source folder /our-application-1/src/test/java
2023-07-14 14:41:05,981 [Worker-41] INFO  o.e.m.j.i.AbstractJavaProjectConfigurator - Adding resource folder /our-application-1/src/test/resources
2023-07-14 14:41:06,961 [Worker-41] INFO  o.e.m.c.i.p.ProjectConfigurationManager - Update completed: 14 sec
2023-07-14 14:41:07,159 [Worker-42] WARN  o.e.m.c.i.embedder.EclipseLogger - Using platform encoding (Cp1252 actually) to copy filtered resources, i.e. build is platform dependent!
2023-07-14 14:41:07,161 [Worker-42] INFO  o.e.m.c.i.embedder.EclipseLogger - Copying 0 resource
2023-07-14 14:41:07,164 [Worker-42] WARN  o.e.m.c.i.embedder.EclipseLogger - Using platform encoding (Cp1252 actually) to copy filtered resources, i.e. build is platform dependent!
2023-07-14 14:41:07,166 [Worker-42] INFO  o.e.m.c.i.embedder.EclipseLogger - Copying 0 resource
2023-07-14 14:42:20,084 [Worker-42] INFO  o.e.m.c.i.l.LifecycleMappingFactory - Using org.eclipse.m2e.jdt.JarLifecycleMapping lifecycle mapping for MavenProject: training.iqgateway:our-application-1:0.0.1-SNAPSHOT @ D:\Training\23-Build Tools\Workspace\our-application-1\pom.xml.
2023-07-14 14:42:20,263 [Worker-42] INFO  o.e.m.c.i.e.AbstractTransferListenerAdapter - Downloading https://repo.maven.apache.org/maven2/junit/junit/4.11/junit-4.11.pom
2023-07-14 14:42:20,314 [Worker-42] INFO  o.e.m.c.i.e.AbstractTransferListenerAdapter - Downloaded https://repo.maven.apache.org/maven2/junit/junit/4.11/junit-4.11.pom
2023-07-14 14:42:20,388 [Worker-42] INFO  o.e.m.c.i.e.AbstractTransferListenerAdapter - Downloading https://repo.maven.apache.org/maven2/org/hamcrest/hamcrest-core/1.3/hamcrest-core-1.3.pom
2023-07-14 14:42:20,440 [Worker-42] INFO  o.e.m.c.i.e.AbstractTransferListenerAdapter - Downloaded https://repo.maven.apache.org/maven2/org/hamcrest/hamcrest-core/1.3/hamcrest-core-1.3.pom
2023-07-14 14:42:20,498 [Worker-42] INFO  o.e.m.c.i.e.AbstractTransferListenerAdapter - Downloading https://repo.maven.apache.org/maven2/org/hamcrest/hamcrest-parent/1.3/hamcrest-parent-1.3.pom
2023-07-14 14:42:20,555 [Worker-42] INFO  o.e.m.c.i.e.AbstractTransferListenerAdapter - Downloaded https://repo.maven.apache.org/maven2/org/hamcrest/hamcrest-parent/1.3/hamcrest-parent-1.3.pom
2023-07-14 14:42:20,627 [Worker-42] INFO  o.e.m.c.i.e.AbstractTransferListenerAdapter - Downloading https://repo.maven.apache.org/maven2/junit/junit/4.11/junit-4.11.jar
2023-07-14 14:42:21,003 [Worker-42] INFO  o.e.m.c.i.e.AbstractTransferListenerAdapter - Downloaded https://repo.maven.apache.org/maven2/junit/junit/4.11/junit-4.11.jar
2023-07-14 14:42:21,031 [Worker-42] INFO  o.e.m.c.i.e.AbstractTransferListenerAdapter - Downloading https://repo.maven.apache.org/maven2/org/hamcrest/hamcrest-core/1.3/hamcrest-core-1.3.jar
2023-07-14 14:42:21,199 [Worker-42] INFO  o.e.m.c.i.e.AbstractTransferListenerAdapter - Downloaded https://repo.maven.apache.org/maven2/org/hamcrest/hamcrest-core/1.3/hamcrest-core-1.3.jar
2023-07-14 14:42:22,197 [Worker-42] WARN  o.e.m.c.i.embedder.EclipseLogger - Using platform encoding (Cp1252 actually) to copy filtered resources, i.e. build is platform dependent!
2023-07-14 14:42:22,200 [Worker-42] INFO  o.e.m.c.i.embedder.EclipseLogger - Copying 0 resource
2023-07-14 14:42:22,205 [Worker-42] WARN  o.e.m.c.i.embedder.EclipseLogger - Using platform encoding (Cp1252 actually) to copy filtered resources, i.e. build is platform dependent!
2023-07-14 14:42:22,206 [Worker-42] INFO  o.e.m.c.i.embedder.EclipseLogger - Copying 0 resource
2023-07-14 14:42:23,728 [Worker-47] WARN  o.e.m.c.i.embedder.EclipseLogger - Using platform encoding (Cp1252 actually) to copy filtered resources, i.e. build is platform dependent!
2023-07-14 14:42:23,731 [Worker-47] INFO  o.e.m.c.i.embedder.EclipseLogger - Copying 0 resource
2023-07-14 14:42:23,733 [Worker-47] WARN  o.e.m.c.i.embedder.EclipseLogger - Using platform encoding (Cp1252 actually) to copy filtered resources, i.e. build is platform dependent!
2023-07-14 14:42:23,734 [Worker-47] INFO  o.e.m.c.i.embedder.EclipseLogger - Copying 0 resource
2023-07-14 14:51:29,308 [Worker-52] INFO  o.e.m.c.i.l.LifecycleMappingFactory - Using org.eclipse.m2e.jdt.JarLifecycleMapping lifecycle mapping for MavenProject: training.iqgateway:our-application-1:0.0.1-SNAPSHOT @ D:\Training\23-Build Tools\Workspace\our-application-1\pom.xml.
2023-07-14 14:51:29,428 [Worker-52] INFO  o.e.m.c.i.e.AbstractTransferListenerAdapter - Downloading https://repo.maven.apache.org/maven2/org/springframework/spring-core/5.3.5/spring-core-5.3.5.pom
2023-07-14 14:51:29,469 [Worker-52] INFO  o.e.m.c.i.e.AbstractTransferListenerAdapter - Downloaded https://repo.maven.apache.org/maven2/org/springframework/spring-core/5.3.5/spring-core-5.3.5.pom
2023-07-14 14:51:29,520 [Worker-52] INFO  o.e.m.c.i.e.AbstractTransferListenerAdapter - Downloading https://repo.maven.apache.org/maven2/org/springframework/spring-jcl/5.3.5/spring-jcl-5.3.5.pom
2023-07-14 14:51:29,562 [Worker-52] INFO  o.e.m.c.i.e.AbstractTransferListenerAdapter - Downloaded https://repo.maven.apache.org/maven2/org/springframework/spring-jcl/5.3.5/spring-jcl-5.3.5.pom
2023-07-14 14:51:29,617 [Worker-52] INFO  o.e.m.c.i.e.AbstractTransferListenerAdapter - Downloading https://repo.maven.apache.org/maven2/org/springframework/spring-core/5.3.5/spring-core-5.3.5.jar
2023-07-14 14:51:30,057 [Worker-52] INFO  o.e.m.c.i.e.AbstractTransferListenerAdapter - Downloaded https://repo.maven.apache.org/maven2/org/springframework/spring-core/5.3.5/spring-core-5.3.5.jar
2023-07-14 14:51:30,082 [Worker-52] INFO  o.e.m.c.i.e.AbstractTransferListenerAdapter - Downloading https://repo.maven.apache.org/maven2/org/springframework/spring-jcl/5.3.5/spring-jcl-5.3.5.jar
2023-07-14 14:51:30,202 [Worker-52] INFO  o.e.m.c.i.e.AbstractTransferListenerAdapter - Downloaded https://repo.maven.apache.org/maven2/org/springframework/spring-jcl/5.3.5/spring-jcl-5.3.5.jar
2023-07-14 14:51:30,980 [Worker-52] WARN  o.e.m.c.i.embedder.EclipseLogger - Using platform encoding (Cp1252 actually) to copy filtered resources, i.e. build is platform dependent!
2023-07-14 14:51:30,982 [Worker-52] INFO  o.e.m.c.i.embedder.EclipseLogger - Copying 0 resource
2023-07-14 14:51:30,986 [Worker-52] WARN  o.e.m.c.i.embedder.EclipseLogger - Using platform encoding (Cp1252 actually) to copy filtered resources, i.e. build is platform dependent!
2023-07-14 14:51:30,987 [Worker-52] INFO  o.e.m.c.i.embedder.EclipseLogger - Copying 0 resource
2023-07-14 14:51:32,510 [Worker-51] WARN  o.e.m.c.i.embedder.EclipseLogger - Using platform encoding (Cp1252 actually) to copy filtered resources, i.e. build is platform dependent!
2023-07-14 14:51:32,748 [Worker-51] INFO  o.e.m.c.i.embedder.EclipseLogger - Copying 0 resource
2023-07-14 14:51:32,750 [Worker-51] WARN  o.e.m.c.i.embedder.EclipseLogger - Using platform encoding (Cp1252 actually) to copy filtered resources, i.e. build is platform dependent!
2023-07-14 14:51:32,751 [Worker-51] INFO  o.e.m.c.i.embedder.EclipseLogger - Copying 0 resource
2023-07-14 14:52:27,365 [Worker-54] INFO  o.e.m.c.i.p.ProjectConfigurationManager - Update started
2023-07-14 14:52:28,213 [Worker-54] INFO  o.e.m.c.i.l.LifecycleMappingFactory - Using org.eclipse.m2e.jdt.JarLifecycleMapping lifecycle mapping for MavenProject: training.iqgateway:our-application-1:0.0.1-SNAPSHOT @ D:\Training\23-Build Tools\Workspace\our-application-1\pom.xml.
2023-07-14 14:52:28,593 [Worker-54] INFO  o.e.m.j.i.AbstractJavaProjectConfigurator - Adding source folder /our-application-1/src/main/java
2023-07-14 14:52:28,594 [Worker-54] INFO  o.e.m.j.i.AbstractJavaProjectConfigurator - Adding resource folder /our-application-1/src/main/resources
2023-07-14 14:52:28,596 [Worker-54] INFO  o.e.m.j.i.AbstractJavaProjectConfigurator - Adding source folder /our-application-1/src/test/java
2023-07-14 14:52:28,596 [Worker-54] INFO  o.e.m.j.i.AbstractJavaProjectConfigurator - Adding resource folder /our-application-1/src/test/resources
2023-07-14 14:52:28,864 [Worker-54] INFO  o.e.m.c.i.p.ProjectConfigurationManager - Update completed: 1 sec
2023-07-14 14:52:30,673 [Worker-54] WARN  o.e.m.c.i.embedder.EclipseLogger - Using platform encoding (Cp1252 actually) to copy filtered resources, i.e. build is platform dependent!
2023-07-14 14:52:30,675 [Worker-54] INFO  o.e.m.c.i.embedder.EclipseLogger - Copying 0 resource
2023-07-14 14:52:30,678 [Worker-54] WARN  o.e.m.c.i.embedder.EclipseLogger - Using platform encoding (Cp1252 actually) to copy filtered resources, i.e. build is platform dependent!
2023-07-14 14:52:30,679 [Worker-54] INFO  o.e.m.c.i.embedder.EclipseLogger - Copying 0 resource
2023-07-14 14:55:57,245 [Worker-53] INFO  o.e.m.c.i.l.LifecycleMappingFactory - Using org.eclipse.m2e.jdt.JarLifecycleMapping lifecycle mapping for MavenProject: training.iqgateway:our-application-1:0.0.1-SNAPSHOT @ D:\Training\23-Build Tools\Workspace\our-application-1\pom.xml.
2023-07-14 14:55:57,838 [Worker-53] WARN  o.e.m.c.i.embedder.EclipseLogger - Using platform encoding (Cp1252 actually) to copy filtered resources, i.e. build is platform dependent!
2023-07-14 14:55:57,842 [Worker-53] INFO  o.e.m.c.i.embedder.EclipseLogger - Copying 0 resource
2023-07-14 14:55:57,847 [Worker-53] WARN  o.e.m.c.i.embedder.EclipseLogger - Using platform encoding (Cp1252 actually) to copy filtered resources, i.e. build is platform dependent!
2023-07-14 14:55:57,853 [Worker-53] INFO  o.e.m.c.i.embedder.EclipseLogger - Copying 0 resource
2023-07-14 14:57:14,828 [Worker-58] INFO  o.e.m.c.i.l.LifecycleMappingFactory - Using org.eclipse.m2e.jdt.JarLifecycleMapping lifecycle mapping for MavenProject: training.iqgateway:our-application-1:0.0.1-SNAPSHOT @ D:\Training\23-Build Tools\Workspace\our-application-1\pom.xml.
2023-07-14 14:57:14,969 [Worker-58] INFO  o.e.m.c.i.e.AbstractTransferListenerAdapter - Downloading https://repo.maven.apache.org/maven2/org/springframework/spring-context/5.3.16/spring-context-5.3.16.pom
2023-07-14 14:57:15,020 [Worker-58] INFO  o.e.m.c.i.e.AbstractTransferListenerAdapter - Downloaded https://repo.maven.apache.org/maven2/org/springframework/spring-context/5.3.16/spring-context-5.3.16.pom
2023-07-14 14:57:15,090 [Worker-58] INFO  o.e.m.c.i.e.AbstractTransferListenerAdapter - Downloading https://repo.maven.apache.org/maven2/org/springframework/spring-aop/5.3.16/spring-aop-5.3.16.pom
2023-07-14 14:57:15,138 [Worker-58] INFO  o.e.m.c.i.e.AbstractTransferListenerAdapter - Downloaded https://repo.maven.apache.org/maven2/org/springframework/spring-aop/5.3.16/spring-aop-5.3.16.pom
2023-07-14 14:57:15,193 [Worker-58] INFO  o.e.m.c.i.e.AbstractTransferListenerAdapter - Downloading https://repo.maven.apache.org/maven2/org/springframework/spring-beans/5.3.16/spring-beans-5.3.16.pom
2023-07-14 14:57:15,253 [Worker-58] INFO  o.e.m.c.i.e.AbstractTransferListenerAdapter - Downloaded https://repo.maven.apache.org/maven2/org/springframework/spring-beans/5.3.16/spring-beans-5.3.16.pom
2023-07-14 14:57:15,304 [Worker-58] INFO  o.e.m.c.i.e.AbstractTransferListenerAdapter - Downloading https://repo.maven.apache.org/maven2/org/springframework/spring-core/5.3.16/spring-core-5.3.16.pom
2023-07-14 14:57:15,343 [Worker-58] INFO  o.e.m.c.i.e.AbstractTransferListenerAdapter - Downloaded https://repo.maven.apache.org/maven2/org/springframework/spring-core/5.3.16/spring-core-5.3.16.pom
2023-07-14 14:57:15,393 [Worker-58] INFO  o.e.m.c.i.e.AbstractTransferListenerAdapter - Downloading https://repo.maven.apache.org/maven2/org/springframework/spring-jcl/5.3.16/spring-jcl-5.3.16.pom
2023-07-14 14:57:15,437 [Worker-58] INFO  o.e.m.c.i.e.AbstractTransferListenerAdapter - Downloaded https://repo.maven.apache.org/maven2/org/springframework/spring-jcl/5.3.16/spring-jcl-5.3.16.pom
2023-07-14 14:57:15,486 [Worker-58] INFO  o.e.m.c.i.e.AbstractTransferListenerAdapter - Downloading https://repo.maven.apache.org/maven2/org/springframework/spring-expression/5.3.16/spring-expression-5.3.16.pom
2023-07-14 14:57:15,530 [Worker-58] INFO  o.e.m.c.i.e.AbstractTransferListenerAdapter - Downloaded https://repo.maven.apache.org/maven2/org/springframework/spring-expression/5.3.16/spring-expression-5.3.16.pom
2023-07-14 14:57:15,595 [Worker-58] INFO  o.e.m.c.i.e.AbstractTransferListenerAdapter - Downloading https://repo.maven.apache.org/maven2/org/springframework/spring-context/5.3.16/spring-context-5.3.16.jar
2023-07-14 14:57:16,325 [Worker-58] INFO  o.e.m.c.i.e.AbstractTransferListenerAdapter - Downloaded https://repo.maven.apache.org/maven2/org/springframework/spring-context/5.3.16/spring-context-5.3.16.jar
2023-07-14 14:57:16,363 [Worker-58] INFO  o.e.m.c.i.e.AbstractTransferListenerAdapter - Downloading https://repo.maven.apache.org/maven2/org/springframework/spring-aop/5.3.16/spring-aop-5.3.16.jar
2023-07-14 14:57:16,637 [Worker-58] INFO  o.e.m.c.i.e.AbstractTransferListenerAdapter - Downloaded https://repo.maven.apache.org/maven2/org/springframework/spring-aop/5.3.16/spring-aop-5.3.16.jar
2023-07-14 14:57:16,662 [Worker-58] INFO  o.e.m.c.i.e.AbstractTransferListenerAdapter - Downloading https://repo.maven.apache.org/maven2/org/springframework/spring-beans/5.3.16/spring-beans-5.3.16.jar
2023-07-14 14:57:17,029 [Worker-58] INFO  o.e.m.c.i.e.AbstractTransferListenerAdapter - Downloaded https://repo.maven.apache.org/maven2/org/springframework/spring-beans/5.3.16/spring-beans-5.3.16.jar
2023-07-14 14:57:17,109 [Worker-58] INFO  o.e.m.c.i.e.AbstractTransferListenerAdapter - Downloading https://repo.maven.apache.org/maven2/org/springframework/spring-expression/5.3.16/spring-expression-5.3.16.jar
2023-07-14 14:57:17,576 [Worker-58] INFO  o.e.m.c.i.e.AbstractTransferListenerAdapter - Downloaded https://repo.maven.apache.org/maven2/org/springframework/spring-expression/5.3.16/spring-expression-5.3.16.jar
2023-07-14 14:57:18,906 [Worker-58] WARN  o.e.m.c.i.embedder.EclipseLogger - Using platform encoding (Cp1252 actually) to copy filtered resources, i.e. build is platform dependent!
2023-07-14 14:57:18,909 [Worker-58] INFO  o.e.m.c.i.embedder.EclipseLogger - Copying 0 resource
2023-07-14 14:57:18,912 [Worker-58] WARN  o.e.m.c.i.embedder.EclipseLogger - Using platform encoding (Cp1252 actually) to copy filtered resources, i.e. build is platform dependent!
2023-07-14 14:57:18,914 [Worker-58] INFO  o.e.m.c.i.embedder.EclipseLogger - Copying 0 resource
2023-07-14 14:57:20,412 [Worker-52] WARN  o.e.m.c.i.embedder.EclipseLogger - Using platform encoding (Cp1252 actually) to copy filtered resources, i.e. build is platform dependent!
2023-07-14 14:57:20,414 [Worker-52] INFO  o.e.m.c.i.embedder.EclipseLogger - Copying 0 resource
2023-07-14 14:57:20,415 [Worker-52] WARN  o.e.m.c.i.embedder.EclipseLogger - Using platform encoding (Cp1252 actually) to copy filtered resources, i.e. build is platform dependent!
2023-07-14 14:57:20,416 [Worker-52] INFO  o.e.m.c.i.embedder.EclipseLogger - Copying 0 resource
2023-07-14 14:58:39,296 [Worker-59] INFO  o.e.m.c.i.l.LifecycleMappingFactory - Using org.eclipse.m2e.jdt.JarLifecycleMapping lifecycle mapping for MavenProject: training.iqgateway:our-application-1:0.0.1-SNAPSHOT @ D:\Training\23-Build Tools\Workspace\our-application-1\pom.xml.
2023-07-14 14:58:39,639 [Worker-59] WARN  o.e.m.c.i.embedder.EclipseLogger - Using platform encoding (Cp1252 actually) to copy filtered resources, i.e. build is platform dependent!
2023-07-14 14:58:39,643 [Worker-59] INFO  o.e.m.c.i.embedder.EclipseLogger - Copying 0 resource
2023-07-14 14:58:39,646 [Worker-59] WARN  o.e.m.c.i.embedder.EclipseLogger - Using platform encoding (Cp1252 actually) to copy filtered resources, i.e. build is platform dependent!
2023-07-14 14:58:39,648 [Worker-59] INFO  o.e.m.c.i.embedder.EclipseLogger - Copying 0 resource
